# JRE version: Java(TM) SE Runtime Environment (8.0_301-b09) (build 1.8.0_301-b09)
# Java VM: Java HotSpot(TM) 64-Bit Server VM (25.301-b09 mixed mode windows-amd64 compressed oops)
Heap:
 PSYoungGen      total 889344K, used 53842K [0x000000076c000000, 0x00000007a2800000, 0x00000007c0000000)
  eden space 888832K, 6% used [0x000000076c000000,0x000000076f414838,0x00000007a2400000)
  from space 512K, 100% used [0x00000007a2780000,0x00000007a2800000,0x00000007a2800000)
  to   space 1024K, 0% used [0x00000007a2600000,0x00000007a2600000,0x00000007a2700000)
 ParOldGen       total 1739776K, used 1470271K [0x00000006c4000000, 0x000000072e300000, 0x000000076c000000)
  object space 1739776K, 84% used [0x00000006c4000000,0x000000071dbcfcd0,0x000000072e300000)
 Metaspace       used 18098K, capacity 18350K, committed 18688K, reserved 1064960K
  class space    used 2130K, capacity 2232K, committed 2304K, reserved 1048576K
GC Heap History (10 events):
Event: 261.845 GC heap before
{Heap before GC invocations=422 (full 7):
 PSYoungGen      total 889856K, used 889312K [0x000000076c000000, 0x00000007a2800000, 0x00000007c0000000)
  eden space 888832K, 100% used [0x000000076c000000,0x00000007a2400000,0x00000007a2400000)
  from space 1024K, 46% used [0x00000007a2600000,0x00000007a2678000,0x00000007a2700000)
  to   space 512K, 0% used [0x00000007a2780000,0x00000007a2780000,0x00000007a2800000)
 ParOldGen       total 1739776K, used 1470031K [0x00000006c4000000, 0x000000072e300000, 0x000000076c000000)
  object space 1739776K, 84% used [0x00000006c4000000,0x000000071db93cd0,0x000000072e300000)
 Metaspace       used 18081K, capacity 18350K, committed 18688K, reserved 1064960K
  class space    used 2128K, capacity 2232K, committed 2304K, reserved 1048576K
Event: 261.867 GC heap after
Heap after GC invocations=422 (full 7):
 PSYoungGen      total 889344K, used 512K [0x000000076c000000, 0x00000007a2800000, 0x00000007c0000000)
  eden space 888832K, 0% used [0x000000076c000000,0x000000076c000000,0x00000007a2400000)
  from space 512K, 100% used [0x00000007a2780000,0x00000007a2800000,0x00000007a2800000)
  to   space 1024K, 0% used [0x00000007a2600000,0x00000007a2600000,0x00000007a2700000)
 ParOldGen       total 1739776K, used 1470039K [0x00000006c4000000, 0x000000072e300000, 0x000000076c000000)
  object space 1739776K, 84% used [0x00000006c4000000,0x000000071db95cd0,0x000000072e300000)
 Metaspace       used 18081K, capacity 18350K, committed 18688K, reserved 1064960K
  class space    used 2128K, capacity 2232K, committed 2304K, reserved 1048576K
}
Event: 262.446 GC heap before
{Heap before GC invocations=423 (full 7):
 PSYoungGen      total 889344K, used 889344K [0x000000076c000000, 0x00000007a2800000, 0x00000007c0000000)
  eden space 888832K, 100% used [0x000000076c000000,0x00000007a2400000,0x00000007a2400000)
  from space 512K, 100% used [0x00000007a2780000,0x00000007a2800000,0x00000007a2800000)
  to   space 1024K, 0% used [0x00000007a2600000,0x00000007a2600000,0x00000007a2700000)
 ParOldGen       total 1739776K, used 1470039K [0x00000006c4000000, 0x000000072e300000, 0x000000076c000000)
  object space 1739776K, 84% used [0x00000006c4000000,0x000000071db95cd0,0x000000072e300000)
 Metaspace       used 18081K, capacity 18350K, committed 18688K, reserved 1064960K
  class space    used 2128K, capacity 2232K, committed 2304K, reserved 1048576K
Event: 262.449 GC heap after
Heap after GC invocations=423 (full 7):
 PSYoungGen      total 889856K, used 608K [0x000000076c000000, 0x00000007a2800000, 0x00000007c0000000)
  eden space 888832K, 0% used [0x000000076c000000,0x000000076c000000,0x00000007a2400000)
  from space 1024K, 59% used [0x00000007a2600000,0x00000007a2698000,0x00000007a2700000)
  to   space 512K, 0% used [0x00000007a2780000,0x00000007a2780000,0x00000007a2800000)
 ParOldGen       total 1739776K, used 1470135K [0x00000006c4000000, 0x000000072e300000, 0x000000076c000000)
  object space 1739776K, 84% used [0x00000006c4000000,0x000000071dbadcd0,0x000000072e300000)
 Metaspace       used 18081K, capacity 18350K, committed 18688K, reserved 1064960K
  class space    used 2128K, capacity 2232K, committed 2304K, reserved 1048576K
}
Event: 263.028 GC heap before
{Heap before GC invocations=424 (full 7):
 PSYoungGen      total 889856K, used 889440K [0x000000076c000000, 0x00000007a2800000, 0x00000007c0000000)
  eden space 888832K, 100% used [0x000000076c000000,0x00000007a2400000,0x00000007a2400000)
  from space 1024K, 59% used [0x00000007a2600000,0x00000007a2698000,0x00000007a2700000)
  to   space 512K, 0% used [0x00000007a2780000,0x00000007a2780000,0x00000007a2800000)
 ParOldGen       total 1739776K, used 1470135K [0x00000006c4000000, 0x000000072e300000, 0x000000076c000000)
  object space 1739776K, 84% used [0x00000006c4000000,0x000000071dbadcd0,0x000000072e300000)
 Metaspace       used 18081K, capacity 18350K, committed 18688K, reserved 1064960K
  class space    used 2128K, capacity 2232K, committed 2304K, reserved 1048576K
Event: 263.031 GC heap after
Heap after GC invocations=424 (full 7):
 PSYoungGen      total 889344K, used 512K [0x000000076c000000, 0x00000007a2800000, 0x00000007c0000000)
  eden space 888832K, 0% used [0x000000076c000000,0x000000076c000000,0x00000007a2400000)
  from space 512K, 100% used [0x00000007a2780000,0x00000007a2800000,0x00000007a2800000)
  to   space 1024K, 0% used [0x00000007a2600000,0x00000007a2600000,0x00000007a2700000)
 ParOldGen       total 1739776K, used 1470151K [0x00000006c4000000, 0x000000072e300000, 0x000000076c000000)
  object space 1739776K, 84% used [0x00000006c4000000,0x000000071dbb1cd0,0x000000072e300000)
 Metaspace       used 18081K, capacity 18350K, committed 18688K, reserved 1064960K
  class space    used 2128K, capacity 2232K, committed 2304K, reserved 1048576K
}
Event: 263.624 GC heap before
{Heap before GC invocations=425 (full 7):
 PSYoungGen      total 889344K, used 889344K [0x000000076c000000, 0x00000007a2800000, 0x00000007c0000000)
  eden space 888832K, 100% used [0x000000076c000000,0x00000007a2400000,0x00000007a2400000)
  from space 512K, 100% used [0x00000007a2780000,0x00000007a2800000,0x00000007a2800000)
  to   space 1024K, 0% used [0x00000007a2600000,0x00000007a2600000,0x00000007a2700000)
 ParOldGen       total 1739776K, used 1470151K [0x00000006c4000000, 0x000000072e300000, 0x000000076c000000)
  object space 1739776K, 84% used [0x00000006c4000000,0x000000071dbb1cd0,0x000000072e300000)
 Metaspace       used 18081K, capacity 18350K, committed 18688K, reserved 1064960K
  class space    used 2128K, capacity 2232K, committed 2304K, reserved 1048576K
Event: 263.626 GC heap after
Heap after GC invocations=425 (full 7):
 PSYoungGen      total 889856K, used 544K [0x000000076c000000, 0x00000007a2800000, 0x00000007c0000000)
  eden space 888832K, 0% used [0x000000076c000000,0x000000076c000000,0x00000007a2400000)
  from space 1024K, 53% used [0x00000007a2600000,0x00000007a2688000,0x00000007a2700000)
  to   space 512K, 0% used [0x00000007a2780000,0x00000007a2780000,0x00000007a2800000)
 ParOldGen       total 1739776K, used 1470255K [0x00000006c4000000, 0x000000072e300000, 0x000000076c000000)
  object space 1739776K, 84% used [0x00000006c4000000,0x000000071dbcbcd0,0x000000072e300000)
 Metaspace       used 18081K, capacity 18350K, committed 18688K, reserved 1064960K
  class space    used 2128K, capacity 2232K, committed 2304K, reserved 1048576K
}
Event: 264.231 GC heap before
{Heap before GC invocations=426 (full 7):
 PSYoungGen      total 889856K, used 889376K [0x000000076c000000, 0x00000007a2800000, 0x00000007c0000000)
  eden space 888832K, 100% used [0x000000076c000000,0x00000007a2400000,0x00000007a2400000)
  from space 1024K, 53% used [0x00000007a2600000,0x00000007a2688000,0x00000007a2700000)
  to   space 512K, 0% used [0x00000007a2780000,0x00000007a2780000,0x00000007a2800000)
 ParOldGen       total 1739776K, used 1470255K [0x00000006c4000000, 0x000000072e300000, 0x000000076c000000)
  object space 1739776K, 84% used [0x00000006c4000000,0x000000071dbcbcd0,0x000000072e300000)
 Metaspace       used 18081K, capacity 18350K, committed 18688K, reserved 1064960K
  class space    used 2128K, capacity 2232K, committed 2304K, reserved 1048576K
Event: 264.234 GC heap after
Heap after GC invocations=426 (full 7):
 PSYoungGen      total 889344K, used 512K [0x000000076c000000, 0x00000007a2800000, 0x00000007c0000000)
  eden space 888832K, 0% used [0x000000076c000000,0x000000076c000000,0x00000007a2400000)
  from space 512K, 100% used [0x00000007a2780000,0x00000007a2800000,0x00000007a2800000)
  to   space 1024K, 0% used [0x00000007a2600000,0x00000007a2600000,0x00000007a2700000)
 ParOldGen       total 1739776K, used 1470271K [0x00000006c4000000, 0x000000072e300000, 0x000000076c000000)
  object space 1739776K, 84% used [0x00000006c4000000,0x000000071dbcfcd0,0x000000072e300000)
 Metaspace       used 18081K, capacity 18350K, committed 18688K, reserved 1064960K
  class space    used 2128K, capacity 2232K, committed 2304K, reserved 1048576K
}

